# JRE version: Java(TM) SE Runtime Environment (8.0_381) (build 1.8.0_381-b09)
# Java VM: Java HotSpot(TM) 64-Bit Server VM (25.381-b09 mixed mode windows-amd64 compressed oops)
Heap:
 PSYoungGen      total 375296K, used 193158K [0x000000076b500000, 0x0000000785080000, 0x00000007c0000000)
  eden space 329728K, 58% used [0x000000076b500000,0x00000007771a1900,0x000000077f700000)
  from space 45568K, 0% used [0x000000077f700000,0x000000077f700000,0x0000000782380000)
  to   space 44032K, 0% used [0x0000000782380000,0x0000000782380000,0x0000000784e80000)
 ParOldGen       total 166400K, used 31089K [0x00000006c1e00000, 0x00000006cc080000, 0x000000076b500000)
  object space 166400K, 18% used [0x00000006c1e00000,0x00000006c3c5c428,0x00000006cc080000)
 Metaspace       used 42525K, capacity 43498K, committed 43688K, reserved 1087488K
  class space    used 5048K, capacity 5278K, committed 5296K, reserved 1048576K
GC Heap History (10 events):
Event: 5.605 GC heap before
{Heap before GC invocations=11 (full 1):
 PSYoungGen      total 183296K, used 183290K [0x000000076b500000, 0x000000077d380000, 0x00000007c0000000)
  eden space 159232K, 100% used [0x000000076b500000,0x0000000775080000,0x0000000775080000)
  from space 24064K, 99% used [0x0000000775080000,0x00000007767feb48,0x0000000776800000)
  to   space 30720K, 0% used [0x000000077b580000,0x000000077b580000,0x000000077d380000)
 ParOldGen       total 118272K, used 32912K [0x00000006c1e00000, 0x00000006c9180000, 0x000000076b500000)
  object space 118272K, 27% used [0x00000006c1e00000,0x00000006c3e24008,0x00000006c9180000)
 Metaspace       used 24329K, capacity 25076K, committed 25392K, reserved 1071104K
  class space    used 2823K, capacity 3003K, committed 3120K, reserved 1048576K
Event: 5.622 GC heap after
Heap after GC invocations=11 (full 1):
 PSYoungGen      total 256512K, used 30704K [0x000000076b500000, 0x000000077e100000, 0x00000007c0000000)
  eden space 225792K, 0% used [0x000000076b500000,0x000000076b500000,0x0000000779180000)
  from space 30720K, 99% used [0x000000077b580000,0x000000077d37c268,0x000000077d380000)
  to   space 36864K, 0% used [0x0000000779180000,0x0000000779180000,0x000000077b580000)
 ParOldGen       total 118272K, used 38375K [0x00000006c1e00000, 0x00000006c9180000, 0x000000076b500000)
  object space 118272K, 32% used [0x00000006c1e00000,0x00000006c4379ec0,0x00000006c9180000)
 Metaspace       used 24329K, capacity 25076K, committed 25392K, reserved 1071104K
  class space    used 2823K, capacity 3003K, committed 3120K, reserved 1048576K
}
Event: 6.108 GC heap before
{Heap before GC invocations=12 (full 1):
 PSYoungGen      total 256512K, used 256496K [0x000000076b500000, 0x000000077e100000, 0x00000007c0000000)
  eden space 225792K, 100% used [0x000000076b500000,0x0000000779180000,0x0000000779180000)
  from space 30720K, 99% used [0x000000077b580000,0x000000077d37c268,0x000000077d380000)
  to   space 36864K, 0% used [0x0000000779180000,0x0000000779180000,0x000000077b580000)
 ParOldGen       total 118272K, used 38375K [0x00000006c1e00000, 0x00000006c9180000, 0x000000076b500000)
  object space 118272K, 32% used [0x00000006c1e00000,0x00000006c4379ec0,0x00000006c9180000)
 Metaspace       used 24336K, capacity 25078K, committed 25392K, reserved 1071104K
  class space    used 2824K, capacity 3005K, committed 3120K, reserved 1048576K
Event: 6.129 GC heap after
Heap after GC invocations=12 (full 1):
 PSYoungGen      total 262656K, used 36835K [0x000000076b500000, 0x0000000784e80000, 0x00000007c0000000)
  eden space 225792K, 0% used [0x000000076b500000,0x000000076b500000,0x0000000779180000)
  from space 36864K, 99% used [0x0000000779180000,0x000000077b578cf8,0x000000077b580000)
  to   space 44032K, 0% used [0x0000000782380000,0x0000000782380000,0x0000000784e80000)
 ParOldGen       total 118272K, used 44247K [0x00000006c1e00000, 0x00000006c9180000, 0x000000076b500000)
  object space 118272K, 37% used [0x00000006c1e00000,0x00000006c4935f10,0x00000006c9180000)
 Metaspace       used 24336K, capacity 25078K, committed 25392K, reserved 1071104K
  class space    used 2824K, capacity 3005K, committed 3120K, reserved 1048576K
}
Event: 6.618 GC heap before
{Heap before GC invocations=13 (full 1):
 PSYoungGen      total 262656K, used 262627K [0x000000076b500000, 0x0000000784e80000, 0x00000007c0000000)
  eden space 225792K, 100% used [0x000000076b500000,0x0000000779180000,0x0000000779180000)
  from space 36864K, 99% used [0x0000000779180000,0x000000077b578cf8,0x000000077b580000)
  to   space 44032K, 0% used [0x0000000782380000,0x0000000782380000,0x0000000784e80000)
 ParOldGen       total 118272K, used 44247K [0x00000006c1e00000, 0x00000006c9180000, 0x000000076b500000)
  object space 118272K, 37% used [0x00000006c1e00000,0x00000006c4935f10,0x00000006c9180000)
 Metaspace       used 24780K, capacity 25438K, committed 25648K, reserved 1071104K
  class space    used 2884K, capacity 3040K, committed 3120K, reserved 1048576K
Event: 6.636 GC heap after
Heap after GC invocations=13 (full 1):
 PSYoungGen      total 373760K, used 31396K [0x000000076b500000, 0x0000000785080000, 0x00000007c0000000)
  eden space 329728K, 0% used [0x000000076b500000,0x000000076b500000,0x000000077f700000)
  from space 44032K, 71% used [0x0000000782380000,0x0000000784229270,0x0000000784e80000)
  to   space 45568K, 0% used [0x000000077f700000,0x000000077f700000,0x0000000782380000)
 ParOldGen       total 118272K, used 45593K [0x00000006c1e00000, 0x00000006c9180000, 0x000000076b500000)
  object space 118272K, 38% used [0x00000006c1e00000,0x00000006c4a86480,0x00000006c9180000)
 Metaspace       used 24780K, capacity 25438K, committed 25648K, reserved 1071104K
  class space    used 2884K, capacity 3040K, committed 3120K, reserved 1048576K
}
Event: 7.329 GC heap before
{Heap before GC invocations=14 (full 1):
 PSYoungGen      total 373760K, used 125018K [0x000000076b500000, 0x0000000785080000, 0x00000007c0000000)
  eden space 329728K, 28% used [0x000000076b500000,0x000000077106d958,0x000000077f700000)
  from space 44032K, 71% used [0x0000000782380000,0x0000000784229270,0x0000000784e80000)
  to   space 45568K, 0% used [0x000000077f700000,0x000000077f700000,0x0000000782380000)
 ParOldGen       total 118272K, used 45593K [0x00000006c1e00000, 0x00000006c9180000, 0x000000076b500000)
  object space 118272K, 38% used [0x00000006c1e00000,0x00000006c4a86480,0x00000006c9180000)
 Metaspace       used 34435K, capacity 35322K, committed 35496K, reserved 1081344K
  class space    used 4059K, capacity 4260K, committed 4272K, reserved 1048576K
Event: 7.337 GC heap after
Heap after GC invocations=14 (full 1):
 PSYoungGen      total 375296K, used 8117K [0x000000076b500000, 0x0000000785080000, 0x00000007c0000000)
  eden space 329728K, 0% used [0x000000076b500000,0x000000076b500000,0x000000077f700000)
  from space 45568K, 17% used [0x000000077f700000,0x000000077feed5d0,0x0000000782380000)
  to   space 44032K, 0% used [0x0000000782380000,0x0000000782380000,0x0000000784e80000)
 ParOldGen       total 118272K, used 51691K [0x00000006c1e00000, 0x00000006c9180000, 0x000000076b500000)
  object space 118272K, 43% used [0x00000006c1e00000,0x00000006c507adb8,0x00000006c9180000)
 Metaspace       used 34435K, capacity 35322K, committed 35496K, reserved 1081344K
  class space    used 4059K, capacity 4260K, committed 4272K, reserved 1048576K
}
Event: 7.337 GC heap before
{Heap before GC invocations=15 (full 2):
 PSYoungGen      total 375296K, used 8117K [0x000000076b500000, 0x0000000785080000, 0x00000007c0000000)
  eden space 329728K, 0% used [0x000000076b500000,0x000000076b500000,0x000000077f700000)
  from space 45568K, 17% used [0x000000077f700000,0x000000077feed5d0,0x0000000782380000)
  to   space 44032K, 0% used [0x0000000782380000,0x0000000782380000,0x0000000784e80000)
 ParOldGen       total 118272K, used 51691K [0x00000006c1e00000, 0x00000006c9180000, 0x000000076b500000)
  object space 118272K, 43% used [0x00000006c1e00000,0x00000006c507adb8,0x00000006c9180000)
 Metaspace       used 34435K, capacity 35322K, committed 35496K, reserved 1081344K
  class space    used 4059K, capacity 4260K, committed 4272K, reserved 1048576K
Event: 7.371 GC heap after
Heap after GC invocations=15 (full 2):
 PSYoungGen      total 375296K, used 0K [0x000000076b500000, 0x0000000785080000, 0x00000007c0000000)
  eden space 329728K, 0% used [0x000000076b500000,0x000000076b500000,0x000000077f700000)
  from space 45568K, 0% used [0x000000077f700000,0x000000077f700000,0x0000000782380000)
  to   space 44032K, 0% used [0x0000000782380000,0x0000000782380000,0x0000000784e80000)
 ParOldGen       total 166400K, used 31089K [0x00000006c1e00000, 0x00000006cc080000, 0x000000076b500000)
  object space 166400K, 18% used [0x00000006c1e00000,0x00000006c3c5c428,0x00000006cc080000)
 Metaspace       used 34435K, capacity 35322K, committed 35496K, reserved 1081344K
  class space    used 4059K, capacity 4260K, committed 4272K, reserved 1048576K
}

